<?xml version="1.0" encoding="UTF-8"?>
<!-- Generated by org.testng.reporters.JUnitXMLReporter -->
<testsuite hostname="Angelas-MacBook-Pro.local" ignored="0" name="All Tests Run including Smoke and Regression" tests="13" failures="0" timestamp="07 Jun 2019 02:53:25 GMT" time="709.87" errors="0">
  <testcase name="mFilterBath" time="30.485" classname="mobileTests.MFilterByBedBath"/>
  <testcase name="mFilterBed" time="32.404" classname="mobileTests.MFilterByBedBath"/>
  <testcase name="mFilterKeyword" time="52.619" classname="mobileTests.MFilterByKeyword"/>
  <testcase name="mFilterForSale" time="35.768" classname="mobileTests.MFilterByPendingSoldForSaleStatus"/>
  <testcase name="mFilterPending" time="34.787" classname="mobileTests.MFilterByPendingSoldForSaleStatus"/>
  <testcase name="mFilterSold" time="35.539" classname="mobileTests.MFilterByPendingSoldForSaleStatus"/>
  <testcase name="mFilterCondo" time="52.514" classname="mobileTests.MFilterByPropertyType"/>
  <testcase name="mFilterSingleFamily" time="52.355" classname="mobileTests.MFilterByPropertyType"/>
  <testcase name="mFilterTownHome" time="51.936" classname="mobileTests.MFilterByPropertyType"/>
  <testcase name="mFilterSqFt" time="40.814" classname="mobileTests.MFilterBySqFt"/>
  <testcase name="mFilterYear" time="87.545" classname="mobileTests.MFilterByYear"/>
  <testcase name="mobileLoginAndSearch" time="44.981" classname="mobileTests.MLoginandSearch"/>
  <testcase name="mSignUpNewUser" time="34.711" classname="mobileTests.MSignUp_NewUser"/>
</testsuite> <!-- All Tests Run including Smoke and Regression -->
