<?xml version="1.0" encoding="UTF-8"?>
<!-- Generated by org.testng.reporters.JUnitXMLReporter -->
<testsuite hostname="Angelas-MacBook-Pro.local" ignored="3" name="All Tests Run including Smoke and Regression" tests="15" failures="0" timestamp="06 Jun 2019 17:46:16 GMT" time="567.0" errors="0">
  <testcase name="loginWrongPwd" time="6.932" classname="webTests.Login_NegativeTests"/>
  <testcase name="loginSearch" time="16.92" classname="webTests.Login_and_Search"/>
  <testcase name="searchSpecificProperty" time="3.648" classname="webTests.SearchforSpecificProperty"/>
  <testcase name="signUpWithInvalidPassword" time="3.069" classname="webTests.SignUp_NegativeTests"/>
  <testcase name="signUp_NewUser" time="84.062" classname="webTests.SignUp_NewUser"/>
  <testcase name="sortResultsByBaths" time="28.144" classname="webTests.SortResultsByPriceBedBath"/>
  <testcase name="sortResultsByBeds" time="28.592" classname="webTests.SortResultsByPriceBedBath"/>
  <testcase name="sortResultsByMostRecent" time="21.051" classname="webTests.SortResultsByPriceBedBath"/>
  <testcase name="sortResultsByPrice" time="26.378" classname="webTests.SortResultsByPriceBedBath"/>
  <testcase name="filterResultsByKeyword" time="46.897" classname="webTests.FilterMoreResultsByKeyword"/>
  <testcase name="filterResultsByPropertyTypeLand" time="58.623" classname="webTests.FilterMoreResultsByPropertyType"/>
  <testcase name="filterByCondo" time="43.425" classname="webTests.FilterMoreResultsByResidentialOptions"/>
  <testcase name="filterBySingleFamily" time="44.495" classname="webTests.FilterMoreResultsByResidentialOptions"/>
  <testcase name="filterResultsBySqFeet" time="21.996" classname="webTests.FilterMoreResultsBySquareFeet"/>
  <testcase name="filterResultsByYear" time="52.184" classname="webTests.FilterMoreResultsByYear"/>
  <testcase name="loginBlankFields" time="0.0" classname="webTests.Login_NegativeTests">
    <ignored/>
  </testcase> <!-- loginBlankFields -->
  <testcase name="signUpWithInvalidEmail" time="0.0" classname="webTests.SignUp_NegativeTests">
    <ignored/>
  </testcase> <!-- signUpWithInvalidEmail -->
  <testcase name="signUpWithBlankFields" time="0.0" classname="webTests.SignUp_NegativeTests">
    <ignored/>
  </testcase> <!-- signUpWithBlankFields -->
</testsuite> <!-- All Tests Run including Smoke and Regression -->
