<?xml version="1.0" encoding="UTF-8"?>
<!-- Generated by org.testng.reporters.JUnitXMLReporter -->
<testsuite hostname="Angelas-MacBook-Pro.local" ignored="0" name="All Tests Run including Smoke and Regression" tests="13" failures="0" timestamp="07 Jun 2019 03:55:26 GMT" time="913.29" errors="0">
  <testcase name="mFilterBath" time="30.609" classname="mobileTests.MFilterByBedBath"/>
  <testcase name="mFilterBed" time="30.393" classname="mobileTests.MFilterByBedBath"/>
  <testcase name="mFilterKeyword" time="53.767" classname="mobileTests.MFilterByKeyword"/>
  <testcase name="mFilterForSale" time="35.376" classname="mobileTests.MFilterByPendingSoldForSaleStatus"/>
  <testcase name="mFilterPending" time="35.224" classname="mobileTests.MFilterByPendingSoldForSaleStatus"/>
  <testcase name="mFilterSold" time="34.91" classname="mobileTests.MFilterByPendingSoldForSaleStatus"/>
  <testcase name="mFilterCondo" time="52.494" classname="mobileTests.MFilterByPropertyType"/>
  <testcase name="mFilterSingleFamily" time="52.403" classname="mobileTests.MFilterByPropertyType"/>
  <testcase name="mFilterTownHome" time="51.496" classname="mobileTests.MFilterByPropertyType"/>
  <testcase name="mFilterSqFt" time="39.857" classname="mobileTests.MFilterBySqFt"/>
  <testcase name="mFilterYear" time="277.614" classname="mobileTests.MFilterByYear"/>
  <testcase name="mobileLoginAndSearch" time="43.935" classname="mobileTests.MLoginandSearch"/>
  <testcase name="mSignUpNewUser" time="34.472" classname="mobileTests.MSignUp_NewUser"/>
</testsuite> <!-- All Tests Run including Smoke and Regression -->
