<?xml version="1.0" encoding="UTF-8"?>
<!-- Generated by org.testng.reporters.JUnitXMLReporter -->
<testsuite hostname="Angelas-MacBook-Pro.local" ignored="0" name="Subset of tests" tests="3" failures="0" timestamp="06 Jun 2019 17:35:20 GMT" time="128.97" errors="0">
  <testcase name="filterResultsByKeyword" time="45.486" classname="webTests.FilterMoreResultsByKeyword"/>
  <testcase name="filterResultsBySqFeet" time="21.221" classname="webTests.FilterMoreResultsBySquareFeet"/>
  <testcase name="filterResultsByYear" time="51.748" classname="webTests.FilterMoreResultsByYear"/>
</testsuite> <!-- Subset of tests -->
