<?xml version="1.0" encoding="UTF-8"?>
<testng-results skipped="0" failed="0" ignored="0" total="1" passed="1">
  <reporter-output>
  </reporter-output>
  <suite name="XOME Suite" duration-ms="46225" started-at="2019-05-19T19:02:04Z" finished-at="2019-05-19T19:02:51Z">
    <groups>
      <group name="regression">
        <method signature="FilterMoreResultsByYear.filterResultsByYear(java.lang.String, java.lang.String, java.lang.String)[pri:0, instance:webTests.FilterMoreResultsByYear@20d525]" name="filterResultsByYear" class="webTests.FilterMoreResultsByYear"/>
      </group> <!-- regression -->
      <group name="smoke">
        <method signature="FilterMoreResultsByYear.filterResultsByYear(java.lang.String, java.lang.String, java.lang.String)[pri:0, instance:webTests.FilterMoreResultsByYear@20d525]" name="filterResultsByYear" class="webTests.FilterMoreResultsByYear"/>
      </group> <!-- smoke -->
    </groups>
    <test name="Specific Tests Run" duration-ms="46225" started-at="2019-05-19T19:02:04Z" finished-at="2019-05-19T19:02:51Z">
      <class name="webTests.FilterMoreResultsByYear">
        <test-method status="PASS" signature="Setup()[pri:0, instance:webTests.FilterMoreResultsByYear@20d525]" name="Setup" is-config="true" duration-ms="7472" started-at="2019-05-19T19:02:05Z" finished-at="2019-05-19T19:02:13Z">
          <reporter-output>
          </reporter-output>
        </test-method> <!-- Setup -->
        <test-method status="PASS" signature="filterResultsByYear(java.lang.String, java.lang.String, java.lang.String)[pri:0, instance:webTests.FilterMoreResultsByYear@20d525]" name="filterResultsByYear" duration-ms="37870" started-at="2019-05-19T19:02:13Z" data-provider="getData" finished-at="2019-05-19T19:02:50Z">
          <params>
            <param index="0">
              <value>
                <![CDATA[Irvine, CA]]>
              </value>
            </param>
            <param index="1">
              <value>
                <![CDATA[2000]]>
              </value>
            </param>
            <param index="2">
              <value>
                <![CDATA[2017]]>
              </value>
            </param>
          </params>
          <reporter-output>
          </reporter-output>
        </test-method> <!-- filterResultsByYear -->
        <test-method status="PASS" signature="OnFailure(org.testng.ITestResult)[pri:0, instance:webTests.FilterMoreResultsByYear@20d525]" name="OnFailure" is-config="true" duration-ms="1" started-at="2019-05-19T19:02:50Z" finished-at="2019-05-19T19:02:50Z">
          <params>
            <param index="0">
              <value>
                <![CDATA[[TestResult name=filterResultsByYear status=SUCCESS method=FilterMoreResultsByYear.filterResultsByYear(java.lang.String, java.lang.String, java.lang.String)[pri:0, instance:webTests.FilterMoreResultsByYear@20d525] output={null}]]]>
              </value>
            </param>
          </params>
          <reporter-output>
          </reporter-output>
        </test-method> <!-- OnFailure -->
        <test-method status="PASS" signature="tearDown()[pri:0, instance:webTests.FilterMoreResultsByYear@20d525]" name="tearDown" is-config="true" duration-ms="153" started-at="2019-05-19T19:02:50Z" finished-at="2019-05-19T19:02:51Z">
          <reporter-output>
          </reporter-output>
        </test-method> <!-- tearDown -->
      </class> <!-- webTests.FilterMoreResultsByYear -->
    </test> <!-- Specific Tests Run -->
  </suite> <!-- XOME Suite -->
</testng-results>
